<?xml version="1.0" encoding="UTF-8"?>
<!-- Generated by org.testng.reporters.JUnitXMLReporter -->
<testsuite ignored="0" hostname="STECH-Mallik" failures="0" tests="9" name="Default test" time="78.972" errors="0" timestamp="2021-06-10T16:48:56 IST">
  <testcase classname="com.org.testcases.BookingActivityPageTest" name="loginApp" time="3.164"/>
  <testcase classname="com.org.testcases.BookingActivityPageTest" name="searchItemTest" time="5.766"/>
  <testcase classname="com.org.testcases.BookingActivityPageTest" name="invoiceSearchTextBoxStringDataTest" time="0.999"/>
  <testcase classname="com.org.testcases.BookingActivityPageTest" name="invoiceSearchTextBoxIntegerDataTest" time="0.835"/>
  <testcase classname="com.org.testcases.BookingActivityPageTest" name="SearchTextBoxBlankDataTest" time="2.278"/>
  <testcase classname="com.org.testcases.BookingActivityPageTest" name="invoiceSearchTextBoxSpecialCharacterTest" time="0.874"/>
  <testcase classname="com.org.testcases.BookingActivityPageTest" name="invoiceSearchTextBoxCorrectDataTest" time="1.112"/>
  <testcase classname="com.org.testcases.BookingActivityPageTest" name="generateInvoiceTest" time="32.181"/>
  <testcase classname="com.org.testcases.BookingActivityPageTest" name="generateCreditNotesTest" time="27.521"/>
</testsuite> <!-- Default test -->
