<?xml version="1.0" encoding="UTF-8"?>
<!-- Generated by org.testng.reporters.JUnitXMLReporter -->
<testsuite ignored="5" hostname="STECH-Mallik" failures="0" tests="5" name="Test" time="78.985" errors="0" timestamp="2021-06-02T17:18:40 IST">
  <testcase classname="com.org.testcases.BookingActivityPageTest" name="loginApp" time="7.814"/>
  <testcase classname="com.org.testcases.BookingActivityPageTest" name="searchItemTest" time="6.228"/>
  <testcase classname="com.org.testcases.BookingActivityPageTest" name="invoiceSearchTextBoxCorrectDataTest" time="1.24"/>
  <testcase classname="com.org.testcases.BookingActivityPageTest" name="generateInvoiceTest" time="34.544"/>
  <testcase classname="com.org.testcases.BookingActivityPageTest" name="generateCreditNotesTest" time="25.408"/>
  <testcase classname="com.org.testcases.BookingActivityPageTest" name="invoiceSearchTextBoxSpecialCharacterTest" time="0.0">
    <ignored/>
  </testcase> <!-- invoiceSearchTextBoxSpecialCharacterTest -->
  <testcase classname="com.org.testcases.BookingActivityPageTest" name="SearchTextBoxBlankDataTest" time="0.0">
    <ignored/>
  </testcase> <!-- SearchTextBoxBlankDataTest -->
  <testcase classname="com.org.testcases.BookingActivityPageTest" name="invoiceSearchTextBoxIntegerDataTest" time="0.0">
    <ignored/>
  </testcase> <!-- invoiceSearchTextBoxIntegerDataTest -->
  <testcase classname="com.org.pages.BaseClass" name="@BeforeSuite setUpSuite" time="0.0">
    <ignored/>
  </testcase> <!-- @BeforeSuite setUpSuite -->
  <testcase classname="com.org.testcases.BookingActivityPageTest" name="invoiceSearchTextBoxStringDataTest" time="0.0">
    <ignored/>
  </testcase> <!-- invoiceSearchTextBoxStringDataTest -->
</testsuite> <!-- Test -->
