<?xml version="1.0" encoding="UTF-8"?>
<testng-results ignored="4" total="9" passed="5" failed="0" skipped="0">
  <reporter-output>
  </reporter-output>
  <suite started-at="2021-06-09T19:52:45 IST" name="Default suite" finished-at="2021-06-09T19:53:44 IST" duration-ms="58539">
    <groups>
    </groups>
    <test started-at="2021-06-09T19:52:45 IST" name="Default test" finished-at="2021-06-09T19:53:44 IST" duration-ms="58539">
      <class name="com.org.testcases.BookingActivityPageTest">
        <test-method is-config="true" signature="setUpSuite()[pri:0, instance:com.org.testcases.BookingActivityPageTest@56528192]" started-at="2021-06-09T19:52:45 IST" name="setUpSuite" finished-at="2021-06-09T19:52:45 IST" duration-ms="419" status="PASS">
          <reporter-output>
          </reporter-output>
        </test-method> <!-- setUpSuite -->
        <test-method is-config="true" signature="setUp()[pri:0, instance:com.org.testcases.BookingActivityPageTest@56528192]" started-at="2021-06-09T19:52:45 IST" name="setUp" finished-at="2021-06-09T19:52:47 IST" duration-ms="2207" status="PASS">
          <reporter-output>
          </reporter-output>
        </test-method> <!-- setUp -->
        <test-method signature="loginApp()[pri:1, instance:com.org.testcases.BookingActivityPageTest@56528192]" started-at="2021-06-09T19:52:47 IST" name="loginApp" finished-at="2021-06-09T19:52:52 IST" duration-ms="4334" status="PASS">
          <reporter-output>
          </reporter-output>
        </test-method> <!-- loginApp -->
        <test-method is-config="true" signature="tearDownReports(org.testng.ITestResult)[pri:0, instance:com.org.testcases.BookingActivityPageTest@56528192]" started-at="2021-06-09T19:52:52 IST" name="tearDownReports" finished-at="2021-06-09T19:52:52 IST" duration-ms="250" status="PASS">
          <params>
            <param index="0">
              <value>
                <![CDATA[[TestResult name=loginApp status=SUCCESS method=BookingActivityPageTest.loginApp()[pri:1, instance:com.org.testcases.BookingActivityPageTest@56528192] output={null}]]]>
              </value>
            </param>
          </params>
          <reporter-output>
          </reporter-output>
        </test-method> <!-- tearDownReports -->
        <test-method signature="searchItemTest()[pri:2, instance:com.org.testcases.BookingActivityPageTest@56528192]" started-at="2021-06-09T19:52:52 IST" name="searchItemTest" finished-at="2021-06-09T19:52:58 IST" duration-ms="5705" status="PASS">
          <reporter-output>
          </reporter-output>
        </test-method> <!-- searchItemTest -->
        <test-method is-config="true" signature="tearDownReports(org.testng.ITestResult)[pri:0, instance:com.org.testcases.BookingActivityPageTest@56528192]" started-at="2021-06-09T19:52:58 IST" name="tearDownReports" finished-at="2021-06-09T19:52:58 IST" duration-ms="136" status="PASS">
          <params>
            <param index="0">
              <value>
                <![CDATA[[TestResult name=searchItemTest status=SUCCESS method=BookingActivityPageTest.searchItemTest()[pri:2, instance:com.org.testcases.BookingActivityPageTest@56528192] output={null}]]]>
              </value>
            </param>
          </params>
          <reporter-output>
          </reporter-output>
        </test-method> <!-- tearDownReports -->
        <test-method signature="invoiceSearchTextBoxCorrectDataTest()[pri:3, instance:com.org.testcases.BookingActivityPageTest@56528192]" started-at="2021-06-09T19:52:58 IST" name="invoiceSearchTextBoxCorrectDataTest" finished-at="2021-06-09T19:52:59 IST" duration-ms="1138" status="PASS">
          <reporter-output>
          </reporter-output>
        </test-method> <!-- invoiceSearchTextBoxCorrectDataTest -->
        <test-method is-config="true" signature="tearDownReports(org.testng.ITestResult)[pri:0, instance:com.org.testcases.BookingActivityPageTest@56528192]" started-at="2021-06-09T19:52:59 IST" name="tearDownReports" finished-at="2021-06-09T19:52:59 IST" duration-ms="139" status="PASS">
          <params>
            <param index="0">
              <value>
                <![CDATA[[TestResult name=invoiceSearchTextBoxCorrectDataTest status=SUCCESS method=BookingActivityPageTest.invoiceSearchTextBoxCorrectDataTest()[pri:3, instance:com.org.testcases.BookingActivityPageTest@56528192] output={null}]]]>
              </value>
            </param>
          </params>
          <reporter-output>
          </reporter-output>
        </test-method> <!-- tearDownReports -->
        <test-method signature="generateInvoiceTest()[pri:4, instance:com.org.testcases.BookingActivityPageTest@56528192]" started-at="2021-06-09T19:52:59 IST" name="generateInvoiceTest" finished-at="2021-06-09T19:53:33 IST" duration-ms="33970" status="PASS">
          <reporter-output>
          </reporter-output>
        </test-method> <!-- generateInvoiceTest -->
        <test-method is-config="true" signature="tearDownReports(org.testng.ITestResult)[pri:0, instance:com.org.testcases.BookingActivityPageTest@56528192]" started-at="2021-06-09T19:53:33 IST" name="tearDownReports" finished-at="2021-06-09T19:53:33 IST" duration-ms="76" status="PASS">
          <params>
            <param index="0">
              <value>
                <![CDATA[[TestResult name=generateInvoiceTest status=SUCCESS method=BookingActivityPageTest.generateInvoiceTest()[pri:4, instance:com.org.testcases.BookingActivityPageTest@56528192] output={null}]]]>
              </value>
            </param>
          </params>
          <reporter-output>
          </reporter-output>
        </test-method> <!-- tearDownReports -->
        <test-method signature="generateCreditNotesTest()[pri:5, instance:com.org.testcases.BookingActivityPageTest@56528192]" started-at="2021-06-09T19:53:33 IST" name="generateCreditNotesTest" finished-at="2021-06-09T19:53:44 IST" duration-ms="10405" status="PASS">
          <reporter-output>
          </reporter-output>
        </test-method> <!-- generateCreditNotesTest -->
        <test-method is-config="true" signature="tearDownReports(org.testng.ITestResult)[pri:0, instance:com.org.testcases.BookingActivityPageTest@56528192]" started-at="2021-06-09T19:53:44 IST" name="tearDownReports" finished-at="2021-06-09T19:53:44 IST" duration-ms="125" status="PASS">
          <params>
            <param index="0">
              <value>
                <![CDATA[[TestResult name=generateCreditNotesTest status=SUCCESS method=BookingActivityPageTest.generateCreditNotesTest()[pri:5, instance:com.org.testcases.BookingActivityPageTest@56528192] output={null}]]]>
              </value>
            </param>
          </params>
          <reporter-output>
          </reporter-output>
        </test-method> <!-- tearDownReports -->
        <test-method is-config="true" signature="tearDown()[pri:0, instance:com.org.testcases.BookingActivityPageTest@56528192]" started-at="2021-06-09T19:53:44 IST" name="tearDown" finished-at="2021-06-09T19:53:44 IST" duration-ms="17" status="PASS">
          <reporter-output>
          </reporter-output>
        </test-method> <!-- tearDown -->
      </class> <!-- com.org.testcases.BookingActivityPageTest -->
    </test> <!-- Default test -->
  </suite> <!-- Default suite -->
</testng-results>
