<?xml version="1.0" encoding="UTF-8"?>
<testng-results ignored="0" total="9" passed="9" failed="0" skipped="0">
  <reporter-output>
  </reporter-output>
  <suite started-at="2021-06-09T23:03:33 IST" name="Default suite" finished-at="2021-06-09T23:04:51 IST" duration-ms="78067">
    <groups>
    </groups>
    <test started-at="2021-06-09T23:03:33 IST" name="Default test" finished-at="2021-06-09T23:04:51 IST" duration-ms="78067">
      <class name="com.org.testcases.BookingActivityPageTest">
        <test-method is-config="true" signature="setUpSuite()[pri:0, instance:com.org.testcases.BookingActivityPageTest@56528192]" started-at="2021-06-09T23:03:32 IST" name="setUpSuite" finished-at="2021-06-09T23:03:33 IST" duration-ms="556" status="PASS">
          <reporter-output>
          </reporter-output>
        </test-method> <!-- setUpSuite -->
        <test-method is-config="true" signature="setUp()[pri:0, instance:com.org.testcases.BookingActivityPageTest@56528192]" started-at="2021-06-09T23:03:33 IST" name="setUp" finished-at="2021-06-09T23:03:36 IST" duration-ms="2768" status="PASS">
          <reporter-output>
          </reporter-output>
        </test-method> <!-- setUp -->
        <test-method signature="loginApp()[pri:1, instance:com.org.testcases.BookingActivityPageTest@56528192]" started-at="2021-06-09T23:03:36 IST" name="loginApp" finished-at="2021-06-09T23:03:38 IST" duration-ms="2560" status="PASS">
          <reporter-output>
          </reporter-output>
        </test-method> <!-- loginApp -->
        <test-method is-config="true" signature="tearDownReports(org.testng.ITestResult)[pri:0, instance:com.org.testcases.BookingActivityPageTest@56528192]" started-at="2021-06-09T23:03:38 IST" name="tearDownReports" finished-at="2021-06-09T23:03:39 IST" duration-ms="291" status="PASS">
          <params>
            <param index="0">
              <value>
                <![CDATA[[TestResult name=loginApp status=SUCCESS method=BookingActivityPageTest.loginApp()[pri:1, instance:com.org.testcases.BookingActivityPageTest@56528192] output={null}]]]>
              </value>
            </param>
          </params>
          <reporter-output>
          </reporter-output>
        </test-method> <!-- tearDownReports -->
        <test-method signature="searchItemTest()[pri:2, instance:com.org.testcases.BookingActivityPageTest@56528192]" started-at="2021-06-09T23:03:39 IST" name="searchItemTest" finished-at="2021-06-09T23:03:44 IST" duration-ms="5602" status="PASS">
          <reporter-output>
          </reporter-output>
        </test-method> <!-- searchItemTest -->
        <test-method is-config="true" signature="tearDownReports(org.testng.ITestResult)[pri:0, instance:com.org.testcases.BookingActivityPageTest@56528192]" started-at="2021-06-09T23:03:44 IST" name="tearDownReports" finished-at="2021-06-09T23:03:44 IST" duration-ms="143" status="PASS">
          <params>
            <param index="0">
              <value>
                <![CDATA[[TestResult name=searchItemTest status=SUCCESS method=BookingActivityPageTest.searchItemTest()[pri:2, instance:com.org.testcases.BookingActivityPageTest@56528192] output={null}]]]>
              </value>
            </param>
          </params>
          <reporter-output>
          </reporter-output>
        </test-method> <!-- tearDownReports -->
        <test-method signature="invoiceSearchTextBoxStringDataTest()[pri:3, instance:com.org.testcases.BookingActivityPageTest@56528192]" started-at="2021-06-09T23:03:44 IST" name="invoiceSearchTextBoxStringDataTest" finished-at="2021-06-09T23:03:45 IST" duration-ms="990" status="PASS">
          <reporter-output>
          </reporter-output>
        </test-method> <!-- invoiceSearchTextBoxStringDataTest -->
        <test-method is-config="true" signature="tearDownReports(org.testng.ITestResult)[pri:0, instance:com.org.testcases.BookingActivityPageTest@56528192]" started-at="2021-06-09T23:03:45 IST" name="tearDownReports" finished-at="2021-06-09T23:03:45 IST" duration-ms="100" status="PASS">
          <params>
            <param index="0">
              <value>
                <![CDATA[[TestResult name=invoiceSearchTextBoxStringDataTest status=SUCCESS method=BookingActivityPageTest.invoiceSearchTextBoxStringDataTest()[pri:3, instance:com.org.testcases.BookingActivityPageTest@56528192] output={null}]]]>
              </value>
            </param>
          </params>
          <reporter-output>
          </reporter-output>
        </test-method> <!-- tearDownReports -->
        <test-method signature="invoiceSearchTextBoxIntegerDataTest()[pri:4, instance:com.org.testcases.BookingActivityPageTest@56528192]" started-at="2021-06-09T23:03:45 IST" name="invoiceSearchTextBoxIntegerDataTest" finished-at="2021-06-09T23:03:46 IST" duration-ms="868" status="PASS">
          <reporter-output>
          </reporter-output>
        </test-method> <!-- invoiceSearchTextBoxIntegerDataTest -->
        <test-method is-config="true" signature="tearDownReports(org.testng.ITestResult)[pri:0, instance:com.org.testcases.BookingActivityPageTest@56528192]" started-at="2021-06-09T23:03:46 IST" name="tearDownReports" finished-at="2021-06-09T23:03:46 IST" duration-ms="103" status="PASS">
          <params>
            <param index="0">
              <value>
                <![CDATA[[TestResult name=invoiceSearchTextBoxIntegerDataTest status=SUCCESS method=BookingActivityPageTest.invoiceSearchTextBoxIntegerDataTest()[pri:4, instance:com.org.testcases.BookingActivityPageTest@56528192] output={null}]]]>
              </value>
            </param>
          </params>
          <reporter-output>
          </reporter-output>
        </test-method> <!-- tearDownReports -->
        <test-method signature="SearchTextBoxBlankDataTest()[pri:5, instance:com.org.testcases.BookingActivityPageTest@56528192]" started-at="2021-06-09T23:03:46 IST" name="SearchTextBoxBlankDataTest" finished-at="2021-06-09T23:03:49 IST" duration-ms="2273" status="PASS">
          <reporter-output>
          </reporter-output>
        </test-method> <!-- SearchTextBoxBlankDataTest -->
        <test-method is-config="true" signature="tearDownReports(org.testng.ITestResult)[pri:0, instance:com.org.testcases.BookingActivityPageTest@56528192]" started-at="2021-06-09T23:03:49 IST" name="tearDownReports" finished-at="2021-06-09T23:03:49 IST" duration-ms="107" status="PASS">
          <params>
            <param index="0">
              <value>
                <![CDATA[[TestResult name=SearchTextBoxBlankDataTest status=SUCCESS method=BookingActivityPageTest.SearchTextBoxBlankDataTest()[pri:5, instance:com.org.testcases.BookingActivityPageTest@56528192] output={null}]]]>
              </value>
            </param>
          </params>
          <reporter-output>
          </reporter-output>
        </test-method> <!-- tearDownReports -->
        <test-method signature="invoiceSearchTextBoxSpecialCharacterTest()[pri:6, instance:com.org.testcases.BookingActivityPageTest@56528192]" started-at="2021-06-09T23:03:49 IST" name="invoiceSearchTextBoxSpecialCharacterTest" finished-at="2021-06-09T23:03:50 IST" duration-ms="849" status="PASS">
          <reporter-output>
          </reporter-output>
        </test-method> <!-- invoiceSearchTextBoxSpecialCharacterTest -->
        <test-method is-config="true" signature="tearDownReports(org.testng.ITestResult)[pri:0, instance:com.org.testcases.BookingActivityPageTest@56528192]" started-at="2021-06-09T23:03:50 IST" name="tearDownReports" finished-at="2021-06-09T23:03:50 IST" duration-ms="104" status="PASS">
          <params>
            <param index="0">
              <value>
                <![CDATA[[TestResult name=invoiceSearchTextBoxSpecialCharacterTest status=SUCCESS method=BookingActivityPageTest.invoiceSearchTextBoxSpecialCharacterTest()[pri:6, instance:com.org.testcases.BookingActivityPageTest@56528192] output={null}]]]>
              </value>
            </param>
          </params>
          <reporter-output>
          </reporter-output>
        </test-method> <!-- tearDownReports -->
        <test-method signature="invoiceSearchTextBoxCorrectDataTest()[pri:7, instance:com.org.testcases.BookingActivityPageTest@56528192]" started-at="2021-06-09T23:03:50 IST" name="invoiceSearchTextBoxCorrectDataTest" finished-at="2021-06-09T23:03:51 IST" duration-ms="1136" status="PASS">
          <reporter-output>
          </reporter-output>
        </test-method> <!-- invoiceSearchTextBoxCorrectDataTest -->
        <test-method is-config="true" signature="tearDownReports(org.testng.ITestResult)[pri:0, instance:com.org.testcases.BookingActivityPageTest@56528192]" started-at="2021-06-09T23:03:51 IST" name="tearDownReports" finished-at="2021-06-09T23:03:51 IST" duration-ms="102" status="PASS">
          <params>
            <param index="0">
              <value>
                <![CDATA[[TestResult name=invoiceSearchTextBoxCorrectDataTest status=SUCCESS method=BookingActivityPageTest.invoiceSearchTextBoxCorrectDataTest()[pri:7, instance:com.org.testcases.BookingActivityPageTest@56528192] output={null}]]]>
              </value>
            </param>
          </params>
          <reporter-output>
          </reporter-output>
        </test-method> <!-- tearDownReports -->
        <test-method signature="generateInvoiceTest()[pri:8, instance:com.org.testcases.BookingActivityPageTest@56528192]" started-at="2021-06-09T23:03:51 IST" name="generateInvoiceTest" finished-at="2021-06-09T23:04:25 IST" duration-ms="34381" status="PASS">
          <reporter-output>
          </reporter-output>
        </test-method> <!-- generateInvoiceTest -->
        <test-method is-config="true" signature="tearDownReports(org.testng.ITestResult)[pri:0, instance:com.org.testcases.BookingActivityPageTest@56528192]" started-at="2021-06-09T23:04:25 IST" name="tearDownReports" finished-at="2021-06-09T23:04:25 IST" duration-ms="76" status="PASS">
          <params>
            <param index="0">
              <value>
                <![CDATA[[TestResult name=generateInvoiceTest status=SUCCESS method=BookingActivityPageTest.generateInvoiceTest()[pri:8, instance:com.org.testcases.BookingActivityPageTest@56528192] output={null}]]]>
              </value>
            </param>
          </params>
          <reporter-output>
          </reporter-output>
        </test-method> <!-- tearDownReports -->
        <test-method signature="generateCreditNotesTest()[pri:9, instance:com.org.testcases.BookingActivityPageTest@56528192]" started-at="2021-06-09T23:04:25 IST" name="generateCreditNotesTest" finished-at="2021-06-09T23:04:51 IST" duration-ms="25447" status="PASS">
          <reporter-output>
          </reporter-output>
        </test-method> <!-- generateCreditNotesTest -->
        <test-method is-config="true" signature="tearDownReports(org.testng.ITestResult)[pri:0, instance:com.org.testcases.BookingActivityPageTest@56528192]" started-at="2021-06-09T23:04:51 IST" name="tearDownReports" finished-at="2021-06-09T23:04:51 IST" duration-ms="87" status="PASS">
          <params>
            <param index="0">
              <value>
                <![CDATA[[TestResult name=generateCreditNotesTest status=SUCCESS method=BookingActivityPageTest.generateCreditNotesTest()[pri:9, instance:com.org.testcases.BookingActivityPageTest@56528192] output={null}]]]>
              </value>
            </param>
          </params>
          <reporter-output>
          </reporter-output>
        </test-method> <!-- tearDownReports -->
        <test-method is-config="true" signature="tearDown()[pri:0, instance:com.org.testcases.BookingActivityPageTest@56528192]" started-at="2021-06-09T23:04:51 IST" name="tearDown" finished-at="2021-06-09T23:04:51 IST" duration-ms="26" status="PASS">
          <reporter-output>
          </reporter-output>
        </test-method> <!-- tearDown -->
      </class> <!-- com.org.testcases.BookingActivityPageTest -->
    </test> <!-- Default test -->
  </suite> <!-- Default suite -->
</testng-results>
